mode: set
github.com\yamazaki164\csrmaker-echo\error_param.go:5.42,7.2 1 1
github.com\yamazaki164\csrmaker-echo\handler.go:9.42,11.36 2 1
github.com\yamazaki164\csrmaker-echo\handler.go:16.2,16.46 1 1
github.com\yamazaki164\csrmaker-echo\handler.go:20.2,22.36 3 1
github.com\yamazaki164\csrmaker-echo\handler.go:25.2,26.16 2 1
github.com\yamazaki164\csrmaker-echo\handler.go:29.2,30.16 2 1
github.com\yamazaki164\csrmaker-echo\handler.go:34.2,40.38 3 1
github.com\yamazaki164\csrmaker-echo\handler.go:44.2,44.53 1 1
github.com\yamazaki164\csrmaker-echo\handler.go:11.36,13.3 1 1
github.com\yamazaki164\csrmaker-echo\handler.go:16.46,18.3 1 1
github.com\yamazaki164\csrmaker-echo\handler.go:22.36,24.3 1 1
github.com\yamazaki164\csrmaker-echo\handler.go:26.16,28.3 1 0
github.com\yamazaki164\csrmaker-echo\handler.go:30.16,32.3 1 0
github.com\yamazaki164\csrmaker-echo\handler.go:40.38,42.3 1 0
github.com\yamazaki164\csrmaker-echo\handler.go:47.46,49.37 2 1
github.com\yamazaki164\csrmaker-echo\handler.go:53.2,54.16 2 1
github.com\yamazaki164\csrmaker-echo\handler.go:58.2,59.35 2 1
github.com\yamazaki164\csrmaker-echo\handler.go:49.37,51.3 1 1
github.com\yamazaki164\csrmaker-echo\handler.go:54.16,56.3 1 1
github.com\yamazaki164\csrmaker-echo\handler.go:62.46,64.37 2 1
github.com\yamazaki164\csrmaker-echo\handler.go:68.2,69.16 2 1
github.com\yamazaki164\csrmaker-echo\handler.go:73.2,74.36 2 1
github.com\yamazaki164\csrmaker-echo\handler.go:64.37,66.3 1 1
github.com\yamazaki164\csrmaker-echo\handler.go:69.16,71.3 1 1
github.com\yamazaki164\csrmaker-echo\ssl_decoder.go:14.58,17.14 3 1
github.com\yamazaki164\csrmaker-echo\ssl_decoder.go:21.2,21.39 1 1
github.com\yamazaki164\csrmaker-echo\ssl_decoder.go:17.14,19.3 1 1
github.com\yamazaki164\csrmaker-echo\archive.go:14.53,21.2 2 1
github.com\yamazaki164\csrmaker-echo\archive.go:23.36,24.21 1 1
github.com\yamazaki164\csrmaker-echo\archive.go:28.2,29.30 2 1
github.com\yamazaki164\csrmaker-echo\archive.go:39.2,39.19 1 1
github.com\yamazaki164\csrmaker-echo\archive.go:24.21,26.3 1 1
github.com\yamazaki164\csrmaker-echo\archive.go:29.30,31.15 2 1
github.com\yamazaki164\csrmaker-echo\archive.go:34.3,34.35 1 1
github.com\yamazaki164\csrmaker-echo\archive.go:31.15,33.4 1 0
github.com\yamazaki164\csrmaker-echo\archive.go:34.35,36.4 1 0
github.com\yamazaki164\csrmaker-echo\csr.go:43.54,54.2 2 1
github.com\yamazaki164\csrmaker-echo\csr.go:68.50,72.42 3 1
github.com\yamazaki164\csrmaker-echo\csr.go:77.2,77.89 1 1
github.com\yamazaki164\csrmaker-echo\csr.go:82.2,82.56 1 1
github.com\yamazaki164\csrmaker-echo\csr.go:87.2,87.62 1 1
github.com\yamazaki164\csrmaker-echo\csr.go:92.2,92.19 1 1
github.com\yamazaki164\csrmaker-echo\csr.go:96.2,96.22 1 1
github.com\yamazaki164\csrmaker-echo\csr.go:101.2,101.32 1 1
github.com\yamazaki164\csrmaker-echo\csr.go:106.2,106.24 1 1
github.com\yamazaki164\csrmaker-echo\csr.go:111.2,111.24 1 1
github.com\yamazaki164\csrmaker-echo\csr.go:72.42,75.3 2 1
github.com\yamazaki164\csrmaker-echo\csr.go:77.89,80.3 2 1
github.com\yamazaki164\csrmaker-echo\csr.go:82.56,85.3 2 1
github.com\yamazaki164\csrmaker-echo\csr.go:87.62,90.3 2 1
github.com\yamazaki164\csrmaker-echo\csr.go:92.19,95.3 2 1
github.com\yamazaki164\csrmaker-echo\csr.go:96.22,99.3 2 1
github.com\yamazaki164\csrmaker-echo\csr.go:101.32,104.3 2 1
github.com\yamazaki164\csrmaker-echo\csr.go:106.24,109.3 2 1
github.com\yamazaki164\csrmaker-echo\main.go:10.15,21.2 8 1
github.com\yamazaki164\csrmaker-echo\main.go:23.13,26.2 2 0
github.com\yamazaki164\csrmaker-echo\openssl.go:18.56,21.16 3 1
github.com\yamazaki164\csrmaker-echo\openssl.go:25.2,31.38 3 1
github.com\yamazaki164\csrmaker-echo\openssl.go:35.2,36.26 2 1
github.com\yamazaki164\csrmaker-echo\openssl.go:49.2,49.16 1 1
github.com\yamazaki164\csrmaker-echo\openssl.go:53.2,53.39 1 1
github.com\yamazaki164\csrmaker-echo\openssl.go:21.16,23.3 1 1
github.com\yamazaki164\csrmaker-echo\openssl.go:31.38,33.3 1 1
github.com\yamazaki164\csrmaker-echo\openssl.go:37.22,38.102 1 1
github.com\yamazaki164\csrmaker-echo\openssl.go:39.22,40.102 1 1
github.com\yamazaki164\csrmaker-echo\openssl.go:41.22,42.102 1 1
github.com\yamazaki164\csrmaker-echo\openssl.go:43.20,44.100 1 1
github.com\yamazaki164\csrmaker-echo\openssl.go:45.10,46.49 1 1
github.com\yamazaki164\csrmaker-echo\openssl.go:49.16,51.3 1 1
github.com\yamazaki164\csrmaker-echo\openssl.go:56.49,71.16 3 1
github.com\yamazaki164\csrmaker-echo\openssl.go:75.2,80.39 2 1
github.com\yamazaki164\csrmaker-echo\openssl.go:71.16,73.3 1 0
github.com\yamazaki164\csrmaker-echo\openssl.go:83.43,89.2 2 1
github.com\yamazaki164\csrmaker-echo\certificate.go:15.58,24.2 2 1
github.com\yamazaki164\csrmaker-echo\certificate.go:32.50,34.14 2 1
github.com\yamazaki164\csrmaker-echo\certificate.go:43.2,43.15 1 1
github.com\yamazaki164\csrmaker-echo\certificate.go:34.14,35.25 1 1
github.com\yamazaki164\csrmaker-echo\certificate.go:38.3,38.30 1 1
github.com\yamazaki164\csrmaker-echo\certificate.go:41.3,41.35 1 1
github.com\yamazaki164\csrmaker-echo\certificate.go:35.25,37.4 1 1
github.com\yamazaki164\csrmaker-echo\certificate.go:38.30,40.4 1 1
github.com\yamazaki164\csrmaker-echo\certificate.go:55.52,57.14 2 1
github.com\yamazaki164\csrmaker-echo\certificate.go:75.2,75.16 1 1
github.com\yamazaki164\csrmaker-echo\certificate.go:57.14,58.25 1 1
github.com\yamazaki164\csrmaker-echo\certificate.go:61.3,61.26 1 1
github.com\yamazaki164\csrmaker-echo\certificate.go:64.3,64.26 1 1
github.com\yamazaki164\csrmaker-echo\certificate.go:67.3,67.30 1 1
github.com\yamazaki164\csrmaker-echo\certificate.go:70.3,70.36 1 1
github.com\yamazaki164\csrmaker-echo\certificate.go:73.3,73.36 1 1
github.com\yamazaki164\csrmaker-echo\certificate.go:58.25,60.4 1 1
github.com\yamazaki164\csrmaker-echo\certificate.go:61.26,63.4 1 1
github.com\yamazaki164\csrmaker-echo\certificate.go:64.26,66.4 1 1
github.com\yamazaki164\csrmaker-echo\certificate.go:67.30,69.4 1 1
github.com\yamazaki164\csrmaker-echo\certificate.go:70.36,72.4 1 1
github.com\yamazaki164\csrmaker-echo\csr_decoder.go:14.65,17.14 3 1
github.com\yamazaki164\csrmaker-echo\csr_decoder.go:21.2,21.46 1 1
github.com\yamazaki164\csrmaker-echo\csr_decoder.go:17.14,19.3 1 1
